0 info it worked if it ends with ok
1 verbose cli [ '/usr/local/bin/node',
1 verbose cli   '/usr/local/bin/npm',
1 verbose cli   'install',
1 verbose cli   '-g',
1 verbose cli   'gulp-minfy-css' ]
2 info using npm@1.4.28
3 info using node@v0.10.32
4 verbose cache add [ 'gulp-minfy-css', null ]
5 verbose cache add name=undefined spec="gulp-minfy-css" args=["gulp-minfy-css",null]
6 verbose parsed url { protocol: null,
6 verbose parsed url   slashes: null,
6 verbose parsed url   auth: null,
6 verbose parsed url   host: null,
6 verbose parsed url   port: null,
6 verbose parsed url   hostname: null,
6 verbose parsed url   hash: null,
6 verbose parsed url   search: null,
6 verbose parsed url   query: null,
6 verbose parsed url   pathname: 'gulp-minfy-css',
6 verbose parsed url   path: 'gulp-minfy-css',
6 verbose parsed url   href: 'gulp-minfy-css' }
7 silly lockFile b5c3f55f-gulp-minfy-css gulp-minfy-css
8 verbose lock gulp-minfy-css /home/andrew/.npm/b5c3f55f-gulp-minfy-css.lock
9 silly lockFile b5c3f55f-gulp-minfy-css gulp-minfy-css
10 silly lockFile b5c3f55f-gulp-minfy-css gulp-minfy-css
11 verbose addNamed [ 'gulp-minfy-css', '' ]
12 verbose addNamed [ null, '*' ]
13 silly lockFile fe69f41d-gulp-minfy-css gulp-minfy-css@
14 verbose lock gulp-minfy-css@ /home/andrew/.npm/fe69f41d-gulp-minfy-css.lock
15 silly addNameRange { name: 'gulp-minfy-css', range: '*', hasData: false }
16 verbose request where is /gulp-minfy-css
17 verbose request registry https://registry.npmjs.org/
18 verbose request id f535a823b8c8b114
19 verbose url raw /gulp-minfy-css
20 verbose url resolving [ 'https://registry.npmjs.org/', './gulp-minfy-css' ]
21 verbose url resolved https://registry.npmjs.org/gulp-minfy-css
22 verbose request where is https://registry.npmjs.org/gulp-minfy-css
23 info trying registry request attempt 1 at 12:53:09
24 http GET https://registry.npmjs.org/gulp-minfy-css
25 http 404 https://registry.npmjs.org/gulp-minfy-css
26 verbose headers { server: 'CouchDB/1.5.0 (Erlang OTP/R16B03)',
26 verbose headers   'content-type': 'application/json',
26 verbose headers   'cache-control': 'max-age=0',
26 verbose headers   'content-length': '51',
26 verbose headers   'accept-ranges': 'bytes',
26 verbose headers   date: 'Wed, 03 Jun 2015 09:53:09 GMT',
26 verbose headers   via: '1.1 varnish',
26 verbose headers   age: '0',
26 verbose headers   connection: 'keep-alive',
26 verbose headers   'x-served-by': 'cache-fra1222-FRA',
26 verbose headers   'x-cache': 'MISS',
26 verbose headers   'x-cache-hits': '0',
26 verbose headers   'x-timer': 'S1433325189.808560,VS0,VE107' }
27 silly registry.get cb [ 404,
27 silly registry.get   { server: 'CouchDB/1.5.0 (Erlang OTP/R16B03)',
27 silly registry.get     'content-type': 'application/json',
27 silly registry.get     'cache-control': 'max-age=0',
27 silly registry.get     'content-length': '51',
27 silly registry.get     'accept-ranges': 'bytes',
27 silly registry.get     date: 'Wed, 03 Jun 2015 09:53:09 GMT',
27 silly registry.get     via: '1.1 varnish',
27 silly registry.get     age: '0',
27 silly registry.get     connection: 'keep-alive',
27 silly registry.get     'x-served-by': 'cache-fra1222-FRA',
27 silly registry.get     'x-cache': 'MISS',
27 silly registry.get     'x-cache-hits': '0',
27 silly registry.get     'x-timer': 'S1433325189.808560,VS0,VE107' } ]
28 silly lockFile fe69f41d-gulp-minfy-css gulp-minfy-css@
29 silly lockFile fe69f41d-gulp-minfy-css gulp-minfy-css@
30 error 404 404 Not Found: gulp-minfy-css
30 error 404
30 error 404 'gulp-minfy-css' is not in the npm registry.
30 error 404 You should bug the author to publish it
30 error 404
30 error 404 Note that you can also install from a
30 error 404 tarball, folder, or http url, or git url.
31 error System Linux 3.13.0-24-generic
32 error command "/usr/local/bin/node" "/usr/local/bin/npm" "install" "-g" "gulp-minfy-css"
33 error cwd /home/andrew/Code/gsoc15/js-tools/gulp
34 error node -v v0.10.32
35 error npm -v 1.4.28
36 error code E404
37 verbose exit [ 1, true ]
